#
# There is insufficient memory for the Java Runtime Environment to continue.
# Native memory allocation (malloc) failed to allocate 207856 bytes. Error detail: Chunk::new
# Possible reasons:
#   The system is out of physical RAM or swap space
#   This process is running with CompressedOops enabled, and the Java Heap may be blocking the growth of the native heap
# Possible solutions:
#   Reduce memory load on the system
#   Increase physical memory or swap space
#   Check if swap backing store is full
#   Decrease Java heap size (-Xmx/-Xms)
#   Decrease number of Java threads
#   Decrease Java thread stack sizes (-Xss)
#   Set larger code cache with -XX:ReservedCodeCacheSize=
#   JVM is running with Zero Based Compressed Oops mode in which the Java heap is
#     placed in the first 32GB address space. The Java Heap base address is the
#     maximum limit for the native heap growth. Please use -XX:HeapBaseMinAddress
#     to set the Java Heap base and to place the Java Heap above 32GB virtual address.
# This output file may be truncated or incomplete.
#
#  Out of Memory Error (arena.cpp:168), pid=24864, tid=26368
#
# JRE version: OpenJDK Runtime Environment (21.0.4) (build 21.0.4+-12508038-b607.1)
# Java VM: OpenJDK 64-Bit Server VM (21.0.4+-12508038-b607.1, mixed mode, tiered, compressed oops, compressed class ptrs, g1 gc, windows-amd64)
# No core dump will be written. Minidumps are not enabled by default on client versions of Windows
#

---------------  S U M M A R Y ------------

Command Line: org.jetbrains.kotlin.cli.jvm.K2JVMCompiler @D:\zengsen\explore\AndroidProject\ClockScreenSaver\app\build\20250408_253775652605375346.compiler.options

Host: AMD Ryzen 5 5500U with Radeon Graphics         , 12 cores, 15G,  Windows 11 , 64 bit Build 22621 (10.0.22621.4974)
Time: Tue Apr  8 17:59:00 2025  Windows 11 , 64 bit Build 22621 (10.0.22621.4974) elapsed time: 1.133159 seconds (0d 0h 0m 1s)

---------------  T H R E A D  ---------------

Current thread (0x000001c2bc29a600):  JavaThread "C2 CompilerThread1" daemon [_thread_in_native, id=26368, stack(0x00000019d9600000,0x00000019d9700000) (1024K)]


Current CompileTask:
C2:   1133 1078 % !   4       java.util.concurrent.ConcurrentHashMap::transfer @ 96 (849 bytes)

Stack: [0x00000019d9600000,0x00000019d9700000]
Native frames: (J=compiled Java code, j=interpreted, Vv=VM code, C=native code)
V  [jvm.dll+0x6ce539]
V  [jvm.dll+0x85bf03]
V  [jvm.dll+0x85e45e]
V  [jvm.dll+0x85eb43]
V  [jvm.dll+0x27dd06]
V  [jvm.dll+0xbf9cd]
V  [jvm.dll+0xbff03]
V  [jvm.dll+0x2f19c1]
V  [jvm.dll+0x5f8d79]
V  [jvm.dll+0x2503d2]
V  [jvm.dll+0x2489c4]
V  [jvm.dll+0x2468be]
V  [jvm.dll+0x1c58a4]
V  [jvm.dll+0x255fec]
V  [jvm.dll+0x254536]
V  [jvm.dll+0x3efab6]
V  [jvm.dll+0x804418]
V  [jvm.dll+0x6cce0d]
C  [ucrtbase.dll+0x29333]
C  [KERNEL32.DLL+0x1259d]
C  [ntdll.dll+0x5af38]


---------------  P R O C E S S  ---------------

Threads class SMR info:
_java_thread_list=0x000001c2bc4f41d0, length=12, elements={
0x000001c29ddba500, 0x000001c2bc061720, 0x000001c2bc061d90, 0x000001c2bc0c2860,
0x000001c2bc090f60, 0x000001c2bc0c6ee0, 0x000001c2bc0c7550, 0x000001c2bc0915d0,
0x000001c2bc091c80, 0x000001c2bc258960, 0x000001c2bc258fd0, 0x000001c2bc29a600
}

Java Threads: ( => current thread )
  0x000001c29ddba500 JavaThread "main"                              [_thread_in_vm, id=21548, stack(0x00000019d8400000,0x00000019d8500000) (1024K)]
  0x000001c2bc061720 JavaThread "Reference Handler"          daemon [_thread_blocked, id=15468, stack(0x00000019d8c00000,0x00000019d8d00000) (1024K)]
  0x000001c2bc061d90 JavaThread "Finalizer"                  daemon [_thread_blocked, id=24304, stack(0x00000019d8d00000,0x00000019d8e00000) (1024K)]
  0x000001c2bc0c2860 JavaThread "Signal Dispatcher"          daemon [_thread_blocked, id=25352, stack(0x00000019d8e00000,0x00000019d8f00000) (1024K)]
  0x000001c2bc090f60 JavaThread "Attach Listener"            daemon [_thread_blocked, id=11280, stack(0x00000019d8f00000,0x00000019d9000000) (1024K)]
  0x000001c2bc0c6ee0 JavaThread "Service Thread"             daemon [_thread_blocked, id=24444, stack(0x00000019d9000000,0x00000019d9100000) (1024K)]
  0x000001c2bc0c7550 JavaThread "Monitor Deflation Thread"   daemon [_thread_blocked, id=21456, stack(0x00000019d9100000,0x00000019d9200000) (1024K)]
  0x000001c2bc0915d0 JavaThread "C2 CompilerThread0"         daemon [_thread_blocked, id=25848, stack(0x00000019d9200000,0x00000019d9300000) (1024K)]
  0x000001c2bc091c80 JavaThread "C1 CompilerThread0"         daemon [_thread_blocked, id=15120, stack(0x00000019d9300000,0x00000019d9400000) (1024K)]
  0x000001c2bc258960 JavaThread "Notification Thread"        daemon [_thread_blocked, id=16908, stack(0x00000019d9400000,0x00000019d9500000) (1024K)]
  0x000001c2bc258fd0 JavaThread "Common-Cleaner"             daemon [_thread_blocked, id=24772, stack(0x00000019d9500000,0x00000019d9600000) (1024K)]
=>0x000001c2bc29a600 JavaThread "C2 CompilerThread1"         daemon [_thread_in_native, id=26368, stack(0x00000019d9600000,0x00000019d9700000) (1024K)]
Total: 12

Other Threads:
  0x000001c2b7dc5130 VMThread "VM Thread"                           [id=7716, stack(0x00000019d8b00000,0x00000019d8c00000) (1024K)]
  0x000001c2b7d6d170 WatcherThread "VM Periodic Task Thread"        [id=26156, stack(0x00000019d8a00000,0x00000019d8b00000) (1024K)]
  0x000001c29de20070 WorkerThread "GC Thread#0"                     [id=23064, stack(0x00000019d8500000,0x00000019d8600000) (1024K)]
  0x000001c2bc912300 WorkerThread "GC Thread#1"                     [id=26032, stack(0x00000019d9700000,0x00000019d9800000) (1024K)]
  0x000001c2bc9126a0 WorkerThread "GC Thread#2"                     [id=22360, stack(0x00000019d9800000,0x00000019d9900000) (1024K)]
  0x000001c2bc9235b0 WorkerThread "GC Thread#3"                     [id=8168, stack(0x00000019d9900000,0x00000019d9a00000) (1024K)]
  0x000001c2bc923950 WorkerThread "GC Thread#4"                     [id=7724, stack(0x00000019d9a00000,0x00000019d9b00000) (1024K)]
  0x000001c2bc961c30 WorkerThread "GC Thread#5"                     [id=26564, stack(0x00000019d9b00000,0x00000019d9c00000) (1024K)]
  0x000001c29de305d0 ConcurrentGCThread "G1 Main Marker"            [id=6128, stack(0x00000019d8600000,0x00000019d8700000) (1024K)]
  0x000001c29de31a50 WorkerThread "G1 Conc#0"                       [id=18672, stack(0x00000019d8700000,0x00000019d8800000) (1024K)]
  0x000001c2b7c389c0 ConcurrentGCThread "G1 Refine#0"               [id=1100, stack(0x00000019d8800000,0x00000019d8900000) (1024K)]
  0x000001c2b7c39f00 ConcurrentGCThread "G1 Service"                [id=22280, stack(0x00000019d8900000,0x00000019d8a00000) (1024K)]
Total: 12

Threads with active compile tasks:
C2 CompilerThread1     1150 1078 % !   4       java.util.concurrent.ConcurrentHashMap::transfer @ 96 (849 bytes)
Total: 1

VM state: not at safepoint (normal execution)

VM Mutex/Monitor currently owned by a thread: None

Heap address: 0x000000070a800000, size: 3928 MB, Compressed Oops mode: Zero based, Oop shift amount: 3

CDS archive(s) not mapped
Compressed class space mapped at: 0x0000000800000000-0x0000000840000000, reserved size: 1073741824
Narrow klass base: 0x0000000800000000, Narrow klass shift: 0, Narrow klass range: 0x40000000

GC Precious Log:
 CardTable entry size: 512
 Card Set container configuration: InlinePtr #cards 4 size 8 Array Of Cards #cards 16 size 48 Howl #buckets 8 coarsen threshold 3686 Howl Bitmap #cards 512 size 80 coarsen threshold 460 Card regions per heap region 1 cards per card region 4096
 CPUs: 12 total, 12 available
 Memory: 15706M
 Large Page Support: Disabled
 NUMA Support: Disabled
 Compressed Oops: Enabled (Zero based)
 Heap Region Size: 2M
 Heap Min Capacity: 8M
 Heap Initial Capacity: 246M
 Heap Max Capacity: 3928M
 Pre-touch: Disabled
 Parallel Workers: 10
 Concurrent Workers: 3
 Concurrent Refinement Workers: 10
 Periodic GC: Disabled

Heap:
 garbage-first heap   total 251904K, used 27648K [0x000000070a800000, 0x0000000800000000)
  region size 2048K, 13 young (26624K), 2 survivors (4096K)
 Metaspace       used 20820K, committed 20992K, reserved 1114112K
  class space    used 2124K, committed 2176K, reserved 1048576K

Heap Regions: E=young(eden), S=young(survivor), O=old, HS=humongous(starts), HC=humongous(continues), CS=collection set, F=free, TAMS=top-at-mark-start, PB=parsable bottom
|   0|0x000000070a800000, 0x000000070aa00000, 0x000000070aa00000|100%|HS|  |TAMS 0x000000070a800000| PB 0x000000070a800000| Complete 
|   1|0x000000070aa00000, 0x000000070ac00000, 0x000000070ac00000|100%|HC|  |TAMS 0x000000070aa00000| PB 0x000000070aa00000| Complete 
|   2|0x000000070ac00000, 0x000000070ac00000, 0x000000070ae00000|  0%| F|  |TAMS 0x000000070ac00000| PB 0x000000070ac00000| Untracked 
|   3|0x000000070ae00000, 0x000000070ae00000, 0x000000070b000000|  0%| F|  |TAMS 0x000000070ae00000| PB 0x000000070ae00000| Untracked 
|   4|0x000000070b000000, 0x000000070b000000, 0x000000070b200000|  0%| F|  |TAMS 0x000000070b000000| PB 0x000000070b000000| Untracked 
|   5|0x000000070b200000, 0x000000070b200000, 0x000000070b400000|  0%| F|  |TAMS 0x000000070b200000| PB 0x000000070b200000| Untracked 
|   6|0x000000070b400000, 0x000000070b400000, 0x000000070b600000|  0%| F|  |TAMS 0x000000070b400000| PB 0x000000070b400000| Untracked 
|   7|0x000000070b600000, 0x000000070b600000, 0x000000070b800000|  0%| F|  |TAMS 0x000000070b600000| PB 0x000000070b600000| Untracked 
|   8|0x000000070b800000, 0x000000070b800000, 0x000000070ba00000|  0%| F|  |TAMS 0x000000070b800000| PB 0x000000070b800000| Untracked 
|   9|0x000000070ba00000, 0x000000070ba00000, 0x000000070bc00000|  0%| F|  |TAMS 0x000000070ba00000| PB 0x000000070ba00000| Untracked 
|  10|0x000000070bc00000, 0x000000070bc00000, 0x000000070be00000|  0%| F|  |TAMS 0x000000070bc00000| PB 0x000000070bc00000| Untracked 
|  11|0x000000070be00000, 0x000000070be00000, 0x000000070c000000|  0%| F|  |TAMS 0x000000070be00000| PB 0x000000070be00000| Untracked 
|  12|0x000000070c000000, 0x000000070c000000, 0x000000070c200000|  0%| F|  |TAMS 0x000000070c000000| PB 0x000000070c000000| Untracked 
|  13|0x000000070c200000, 0x000000070c200000, 0x000000070c400000|  0%| F|  |TAMS 0x000000070c200000| PB 0x000000070c200000| Untracked 
|  14|0x000000070c400000, 0x000000070c400000, 0x000000070c600000|  0%| F|  |TAMS 0x000000070c400000| PB 0x000000070c400000| Untracked 
|  15|0x000000070c600000, 0x000000070c600000, 0x000000070c800000|  0%| F|  |TAMS 0x000000070c600000| PB 0x000000070c600000| Untracked 
|  16|0x000000070c800000, 0x000000070c800000, 0x000000070ca00000|  0%| F|  |TAMS 0x000000070c800000| PB 0x000000070c800000| Untracked 
|  17|0x000000070ca00000, 0x000000070ca00000, 0x000000070cc00000|  0%| F|  |TAMS 0x000000070ca00000| PB 0x000000070ca00000| Untracked 
|  18|0x000000070cc00000, 0x000000070cc00000, 0x000000070ce00000|  0%| F|  |TAMS 0x000000070cc00000| PB 0x000000070cc00000| Untracked 
|  19|0x000000070ce00000, 0x000000070ce00000, 0x000000070d000000|  0%| F|  |TAMS 0x000000070ce00000| PB 0x000000070ce00000| Untracked 
|  20|0x000000070d000000, 0x000000070d000000, 0x000000070d200000|  0%| F|  |TAMS 0x000000070d000000| PB 0x000000070d000000| Untracked 
|  21|0x000000070d200000, 0x000000070d200000, 0x000000070d400000|  0%| F|  |TAMS 0x000000070d200000| PB 0x000000070d200000| Untracked 
|  22|0x000000070d400000, 0x000000070d400000, 0x000000070d600000|  0%| F|  |TAMS 0x000000070d400000| PB 0x000000070d400000| Untracked 
|  23|0x000000070d600000, 0x000000070d600000, 0x000000070d800000|  0%| F|  |TAMS 0x000000070d600000| PB 0x000000070d600000| Untracked 
|  24|0x000000070d800000, 0x000000070d800000, 0x000000070da00000|  0%| F|  |TAMS 0x000000070d800000| PB 0x000000070d800000| Untracked 
|  25|0x000000070da00000, 0x000000070da00000, 0x000000070dc00000|  0%| F|  |TAMS 0x000000070da00000| PB 0x000000070da00000| Untracked 
|  26|0x000000070dc00000, 0x000000070dc00000, 0x000000070de00000|  0%| F|  |TAMS 0x000000070dc00000| PB 0x000000070dc00000| Untracked 
|  27|0x000000070de00000, 0x000000070de00000, 0x000000070e000000|  0%| F|  |TAMS 0x000000070de00000| PB 0x000000070de00000| Untracked 
|  28|0x000000070e000000, 0x000000070e000000, 0x000000070e200000|  0%| F|  |TAMS 0x000000070e000000| PB 0x000000070e000000| Untracked 
|  29|0x000000070e200000, 0x000000070e200000, 0x000000070e400000|  0%| F|  |TAMS 0x000000070e200000| PB 0x000000070e200000| Untracked 
|  30|0x000000070e400000, 0x000000070e400000, 0x000000070e600000|  0%| F|  |TAMS 0x000000070e400000| PB 0x000000070e400000| Untracked 
|  31|0x000000070e600000, 0x000000070e600000, 0x000000070e800000|  0%| F|  |TAMS 0x000000070e600000| PB 0x000000070e600000| Untracked 
|  32|0x000000070e800000, 0x000000070e800000, 0x000000070ea00000|  0%| F|  |TAMS 0x000000070e800000| PB 0x000000070e800000| Untracked 
|  33|0x000000070ea00000, 0x000000070ea00000, 0x000000070ec00000|  0%| F|  |TAMS 0x000000070ea00000| PB 0x000000070ea00000| Untracked 
|  34|0x000000070ec00000, 0x000000070ec00000, 0x000000070ee00000|  0%| F|  |TAMS 0x000000070ec00000| PB 0x000000070ec00000| Untracked 
|  35|0x000000070ee00000, 0x000000070ee00000, 0x000000070f000000|  0%| F|  |TAMS 0x000000070ee00000| PB 0x000000070ee00000| Untracked 
|  36|0x000000070f000000, 0x000000070f000000, 0x000000070f200000|  0%| F|  |TAMS 0x000000070f000000| PB 0x000000070f000000| Untracked 
|  37|0x000000070f200000, 0x000000070f200000, 0x000000070f400000|  0%| F|  |TAMS 0x000000070f200000| PB 0x000000070f200000| Untracked 
|  38|0x000000070f400000, 0x000000070f400000, 0x000000070f600000|  0%| F|  |TAMS 0x000000070f400000| PB 0x000000070f400000| Untracked 
|  39|0x000000070f600000, 0x000000070f600000, 0x000000070f800000|  0%| F|  |TAMS 0x000000070f600000| PB 0x000000070f600000| Untracked 
|  40|0x000000070f800000, 0x000000070f800000, 0x000000070fa00000|  0%| F|  |TAMS 0x000000070f800000| PB 0x000000070f800000| Untracked 
|  41|0x000000070fa00000, 0x000000070fa00000, 0x000000070fc00000|  0%| F|  |TAMS 0x000000070fa00000| PB 0x000000070fa00000| Untracked 
|  42|0x000000070fc00000, 0x000000070fc00000, 0x000000070fe00000|  0%| F|  |TAMS 0x000000070fc00000| PB 0x000000070fc00000| Untracked 
|  43|0x000000070fe00000, 0x000000070fe00000, 0x0000000710000000|  0%| F|  |TAMS 0x000000070fe00000| PB 0x000000070fe00000| Untracked 
|  44|0x0000000710000000, 0x0000000710000000, 0x0000000710200000|  0%| F|  |TAMS 0x0000000710000000| PB 0x0000000710000000| Untracked 
|  45|0x0000000710200000, 0x0000000710200000, 0x0000000710400000|  0%| F|  |TAMS 0x0000000710200000| PB 0x0000000710200000| Untracked 
|  46|0x0000000710400000, 0x0000000710400000, 0x0000000710600000|  0%| F|  |TAMS 0x0000000710400000| PB 0x0000000710400000| Untracked 
|  47|0x0000000710600000, 0x0000000710600000, 0x0000000710800000|  0%| F|  |TAMS 0x0000000710600000| PB 0x0000000710600000| Untracked 
|  48|0x0000000710800000, 0x0000000710800000, 0x0000000710a00000|  0%| F|  |TAMS 0x0000000710800000| PB 0x0000000710800000| Untracked 
|  49|0x0000000710a00000, 0x0000000710a00000, 0x0000000710c00000|  0%| F|  |TAMS 0x0000000710a00000| PB 0x0000000710a00000| Untracked 
|  50|0x0000000710c00000, 0x0000000710c00000, 0x0000000710e00000|  0%| F|  |TAMS 0x0000000710c00000| PB 0x0000000710c00000| Untracked 
|  51|0x0000000710e00000, 0x0000000710e00000, 0x0000000711000000|  0%| F|  |TAMS 0x0000000710e00000| PB 0x0000000710e00000| Untracked 
|  52|0x0000000711000000, 0x0000000711000000, 0x0000000711200000|  0%| F|  |TAMS 0x0000000711000000| PB 0x0000000711000000| Untracked 
|  53|0x0000000711200000, 0x0000000711200000, 0x0000000711400000|  0%| F|  |TAMS 0x0000000711200000| PB 0x0000000711200000| Untracked 
|  54|0x0000000711400000, 0x0000000711400000, 0x0000000711600000|  0%| F|  |TAMS 0x0000000711400000| PB 0x0000000711400000| Untracked 
|  55|0x0000000711600000, 0x0000000711600000, 0x0000000711800000|  0%| F|  |TAMS 0x0000000711600000| PB 0x0000000711600000| Untracked 
|  56|0x0000000711800000, 0x0000000711800000, 0x0000000711a00000|  0%| F|  |TAMS 0x0000000711800000| PB 0x0000000711800000| Untracked 
|  57|0x0000000711a00000, 0x0000000711a00000, 0x0000000711c00000|  0%| F|  |TAMS 0x0000000711a00000| PB 0x0000000711a00000| Untracked 
|  58|0x0000000711c00000, 0x0000000711c00000, 0x0000000711e00000|  0%| F|  |TAMS 0x0000000711c00000| PB 0x0000000711c00000| Untracked 
|  59|0x0000000711e00000, 0x0000000711e00000, 0x0000000712000000|  0%| F|  |TAMS 0x0000000711e00000| PB 0x0000000711e00000| Untracked 
|  60|0x0000000712000000, 0x0000000712000000, 0x0000000712200000|  0%| F|  |TAMS 0x0000000712000000| PB 0x0000000712000000| Untracked 
|  61|0x0000000712200000, 0x0000000712200000, 0x0000000712400000|  0%| F|  |TAMS 0x0000000712200000| PB 0x0000000712200000| Untracked 
|  62|0x0000000712400000, 0x0000000712400000, 0x0000000712600000|  0%| F|  |TAMS 0x0000000712400000| PB 0x0000000712400000| Untracked 
|  63|0x0000000712600000, 0x0000000712600000, 0x0000000712800000|  0%| F|  |TAMS 0x0000000712600000| PB 0x0000000712600000| Untracked 
|  64|0x0000000712800000, 0x0000000712800000, 0x0000000712a00000|  0%| F|  |TAMS 0x0000000712800000| PB 0x0000000712800000| Untracked 
|  65|0x0000000712a00000, 0x0000000712a00000, 0x0000000712c00000|  0%| F|  |TAMS 0x0000000712a00000| PB 0x0000000712a00000| Untracked 
|  66|0x0000000712c00000, 0x0000000712c00000, 0x0000000712e00000|  0%| F|  |TAMS 0x0000000712c00000| PB 0x0000000712c00000| Untracked 
|  67|0x0000000712e00000, 0x0000000712e00000, 0x0000000713000000|  0%| F|  |TAMS 0x0000000712e00000| PB 0x0000000712e00000| Untracked 
|  68|0x0000000713000000, 0x0000000713000000, 0x0000000713200000|  0%| F|  |TAMS 0x0000000713000000| PB 0x0000000713000000| Untracked 
|  69|0x0000000713200000, 0x0000000713200000, 0x0000000713400000|  0%| F|  |TAMS 0x0000000713200000| PB 0x0000000713200000| Untracked 
|  70|0x0000000713400000, 0x0000000713400000, 0x0000000713600000|  0%| F|  |TAMS 0x0000000713400000| PB 0x0000000713400000| Untracked 
|  71|0x0000000713600000, 0x0000000713600000, 0x0000000713800000|  0%| F|  |TAMS 0x0000000713600000| PB 0x0000000713600000| Untracked 
|  72|0x0000000713800000, 0x0000000713800000, 0x0000000713a00000|  0%| F|  |TAMS 0x0000000713800000| PB 0x0000000713800000| Untracked 
|  73|0x0000000713a00000, 0x0000000713a00000, 0x0000000713c00000|  0%| F|  |TAMS 0x0000000713a00000| PB 0x0000000713a00000| Untracked 
|  74|0x0000000713c00000, 0x0000000713c00000, 0x0000000713e00000|  0%| F|  |TAMS 0x0000000713c00000| PB 0x0000000713c00000| Untracked 
|  75|0x0000000713e00000, 0x0000000713e00000, 0x0000000714000000|  0%| F|  |TAMS 0x0000000713e00000| PB 0x0000000713e00000| Untracked 
|  76|0x0000000714000000, 0x0000000714000000, 0x0000000714200000|  0%| F|  |TAMS 0x0000000714000000| PB 0x0000000714000000| Untracked 
|  77|0x0000000714200000, 0x0000000714200000, 0x0000000714400000|  0%| F|  |TAMS 0x0000000714200000| PB 0x0000000714200000| Untracked 
|  78|0x0000000714400000, 0x0000000714400000, 0x0000000714600000|  0%| F|  |TAMS 0x0000000714400000| PB 0x0000000714400000| Untracked 
|  79|0x0000000714600000, 0x0000000714600000, 0x0000000714800000|  0%| F|  |TAMS 0x0000000714600000| PB 0x0000000714600000| Untracked 
|  80|0x0000000714800000, 0x0000000714800000, 0x0000000714a00000|  0%| F|  |TAMS 0x0000000714800000| PB 0x0000000714800000| Untracked 
|  81|0x0000000714a00000, 0x0000000714a00000, 0x0000000714c00000|  0%| F|  |TAMS 0x0000000714a00000| PB 0x0000000714a00000| Untracked 
|  82|0x0000000714c00000, 0x0000000714c00000, 0x0000000714e00000|  0%| F|  |TAMS 0x0000000714c00000| PB 0x0000000714c00000| Untracked 
|  83|0x0000000714e00000, 0x0000000714e00000, 0x0000000715000000|  0%| F|  |TAMS 0x0000000714e00000| PB 0x0000000714e00000| Untracked 
|  84|0x0000000715000000, 0x0000000715000000, 0x0000000715200000|  0%| F|  |TAMS 0x0000000715000000| PB 0x0000000715000000| Untracked 
|  85|0x0000000715200000, 0x0000000715200000, 0x0000000715400000|  0%| F|  |TAMS 0x0000000715200000| PB 0x0000000715200000| Untracked 
|  86|0x0000000715400000, 0x0000000715400000, 0x0000000715600000|  0%| F|  |TAMS 0x0000000715400000| PB 0x0000000715400000| Untracked 
|  87|0x0000000715600000, 0x0000000715600000, 0x0000000715800000|  0%| F|  |TAMS 0x0000000715600000| PB 0x0000000715600000| Untracked 
|  88|0x0000000715800000, 0x0000000715800000, 0x0000000715a00000|  0%| F|  |TAMS 0x0000000715800000| PB 0x0000000715800000| Untracked 
|  89|0x0000000715a00000, 0x0000000715a00000, 0x0000000715c00000|  0%| F|  |TAMS 0x0000000715a00000| PB 0x0000000715a00000| Untracked 
|  90|0x0000000715c00000, 0x0000000715c00000, 0x0000000715e00000|  0%| F|  |TAMS 0x0000000715c00000| PB 0x0000000715c00000| Untracked 
|  91|0x0000000715e00000, 0x0000000715e00000, 0x0000000716000000|  0%| F|  |TAMS 0x0000000715e00000| PB 0x0000000715e00000| Untracked 
|  92|0x0000000716000000, 0x0000000716000000, 0x0000000716200000|  0%| F|  |TAMS 0x0000000716000000| PB 0x0000000716000000| Untracked 
|  93|0x0000000716200000, 0x0000000716200000, 0x0000000716400000|  0%| F|  |TAMS 0x0000000716200000| PB 0x0000000716200000| Untracked 
|  94|0x0000000716400000, 0x0000000716400000, 0x0000000716600000|  0%| F|  |TAMS 0x0000000716400000| PB 0x0000000716400000| Untracked 
|  95|0x0000000716600000, 0x0000000716600000, 0x0000000716800000|  0%| F|  |TAMS 0x0000000716600000| PB 0x0000000716600000| Untracked 
|  96|0x0000000716800000, 0x0000000716800000, 0x0000000716a00000|  0%| F|  |TAMS 0x0000000716800000| PB 0x0000000716800000| Untracked 
|  97|0x0000000716a00000, 0x0000000716a00000, 0x0000000716c00000|  0%| F|  |TAMS 0x0000000716a00000| PB 0x0000000716a00000| Untracked 
|  98|0x0000000716c00000, 0x0000000716c00000, 0x0000000716e00000|  0%| F|  |TAMS 0x0000000716c00000| PB 0x0000000716c00000| Untracked 
|  99|0x0000000716e00000, 0x0000000716e00000, 0x0000000717000000|  0%| F|  |TAMS 0x0000000716e00000| PB 0x0000000716e00000| Untracked 
| 100|0x0000000717000000, 0x0000000717000000, 0x0000000717200000|  0%| F|  |TAMS 0x0000000717000000| PB 0x0000000717000000| Untracked 
| 101|0x0000000717200000, 0x0000000717200000, 0x0000000717400000|  0%| F|  |TAMS 0x0000000717200000| PB 0x0000000717200000| Untracked 
| 102|0x0000000717400000, 0x0000000717400000, 0x0000000717600000|  0%| F|  |TAMS 0x0000000717400000| PB 0x0000000717400000| Untracked 
| 103|0x0000000717600000, 0x0000000717600000, 0x0000000717800000|  0%| F|  |TAMS 0x0000000717600000| PB 0x0000000717600000| Untracked 
| 104|0x0000000717800000, 0x0000000717800000, 0x0000000717a00000|  0%| F|  |TAMS 0x0000000717800000| PB 0x0000000717800000| Untracked 
| 105|0x0000000717a00000, 0x0000000717a00000, 0x0000000717c00000|  0%| F|  |TAMS 0x0000000717a00000| PB 0x0000000717a00000| Untracked 
| 106|0x0000000717c00000, 0x0000000717c00000, 0x0000000717e00000|  0%| F|  |TAMS 0x0000000717c00000| PB 0x0000000717c00000| Untracked 
| 107|0x0000000717e00000, 0x0000000717e00000, 0x0000000718000000|  0%| F|  |TAMS 0x0000000717e00000| PB 0x0000000717e00000| Untracked 
| 108|0x0000000718000000, 0x0000000718000000, 0x0000000718200000|  0%| F|  |TAMS 0x0000000718000000| PB 0x0000000718000000| Untracked 
| 109|0x0000000718200000, 0x0000000718200000, 0x0000000718400000|  0%| F|  |TAMS 0x0000000718200000| PB 0x0000000718200000| Untracked 
| 110|0x0000000718400000, 0x0000000718500000, 0x0000000718600000| 50%| S|CS|TAMS 0x0000000718400000| PB 0x0000000718400000| Complete 
| 111|0x0000000718600000, 0x0000000718800000, 0x0000000718800000|100%| S|CS|TAMS 0x0000000718600000| PB 0x0000000718600000| Complete 
| 112|0x0000000718800000, 0x00000007188ba7d0, 0x0000000718a00000| 36%| E|  |TAMS 0x0000000718800000| PB 0x0000000718800000| Complete 
| 113|0x0000000718a00000, 0x0000000718c00000, 0x0000000718c00000|100%| E|CS|TAMS 0x0000000718a00000| PB 0x0000000718a00000| Complete 
| 114|0x0000000718c00000, 0x0000000718e00000, 0x0000000718e00000|100%| E|CS|TAMS 0x0000000718c00000| PB 0x0000000718c00000| Complete 
| 115|0x0000000718e00000, 0x0000000719000000, 0x0000000719000000|100%| E|CS|TAMS 0x0000000718e00000| PB 0x0000000718e00000| Complete 
| 116|0x0000000719000000, 0x0000000719200000, 0x0000000719200000|100%| E|CS|TAMS 0x0000000719000000| PB 0x0000000719000000| Complete 
| 117|0x0000000719200000, 0x0000000719400000, 0x0000000719400000|100%| E|CS|TAMS 0x0000000719200000| PB 0x0000000719200000| Complete 
| 118|0x0000000719400000, 0x0000000719600000, 0x0000000719600000|100%| E|CS|TAMS 0x0000000719400000| PB 0x0000000719400000| Complete 
| 119|0x0000000719600000, 0x0000000719800000, 0x0000000719800000|100%| E|CS|TAMS 0x0000000719600000| PB 0x0000000719600000| Complete 
| 120|0x0000000719800000, 0x0000000719a00000, 0x0000000719a00000|100%| E|CS|TAMS 0x0000000719800000| PB 0x0000000719800000| Complete 
| 121|0x0000000719a00000, 0x0000000719c00000, 0x0000000719c00000|100%| E|CS|TAMS 0x0000000719a00000| PB 0x0000000719a00000| Complete 
| 122|0x0000000719c00000, 0x0000000719e00000, 0x0000000719e00000|100%| E|CS|TAMS 0x0000000719c00000| PB 0x0000000719c00000| Complete 

Card table byte_map: [0x000001c2b0c10000,0x000001c2b13c0000] _byte_map_base: 0x000001c2ad3bc000

Marking Bits: (CMBitMap*) 0x000001c29de20770
 Bits: [0x000001c2b13c0000, 0x000001c2b5120000)

Polling page: 0x000001c29bdc0000

Metaspace:

Usage:
  Non-class:     18.33 MB used.
      Class:      2.08 MB used.
       Both:     20.42 MB used.

Virtual space:
  Non-class space:       64.00 MB reserved,      18.44 MB ( 29%) committed,  1 nodes.
      Class space:        1.00 GB reserved,       2.12 MB ( <1%) committed,  1 nodes.
             Both:        1.06 GB reserved,      20.56 MB (  2%) committed. 

Chunk freelists:
   Non-Class:  13.28 MB
       Class:  13.81 MB
        Both:  27.09 MB

MaxMetaspaceSize: unlimited
CompressedClassSpaceSize: 1.00 GB
Initial GC threshold: 21.00 MB
Current GC threshold: 21.00 MB
CDS: off
 - commit_granule_bytes: 65536.
 - commit_granule_words: 8192.
 - virtual_space_node_default_size: 8388608.
 - enlarge_chunks_in_place: 1.
 - use_allocation_guard: 0.


Internal statistics:

num_allocs_failed_limit: 0.
num_arena_births: 142.
num_arena_deaths: 0.
num_vsnodes_births: 2.
num_vsnodes_deaths: 0.
num_space_committed: 330.
num_space_uncommitted: 0.
num_chunks_returned_to_freelist: 0.
num_chunks_taken_from_freelist: 626.
num_chunk_merges: 0.
num_chunk_splits: 458.
num_chunks_enlarged: 395.
num_inconsistent_stats: 0.

CodeHeap 'non-profiled nmethods': size=120000Kb used=345Kb max_used=345Kb free=119654Kb
 bounds [0x000001c2a89d0000, 0x000001c2a8c40000, 0x000001c2aff00000]
CodeHeap 'profiled nmethods': size=120000Kb used=1841Kb max_used=1841Kb free=118158Kb
 bounds [0x000001c2a0f00000, 0x000001c2a1170000, 0x000001c2a8430000]
CodeHeap 'non-nmethods': size=5760Kb used=1377Kb max_used=1385Kb free=4383Kb
 bounds [0x000001c2a8430000, 0x000001c2a86a0000, 0x000001c2a89d0000]
 total_blobs=1574 nmethods=1081 adapters=398
 compilation: enabled
              stopped_count=0, restarted_count=0
 full_count=0

Compilation events (20 events):
Event: 1.097 Thread 0x000001c2bc091c80 nmethod 1068 0x000001c2a10c5090 code [0x000001c2a10c53c0, 0x000001c2a10c6320]
Event: 1.097 Thread 0x000001c2bc091c80 1069       3       jdk.internal.org.objectweb.asm.MethodWriter::hasFrames (13 bytes)
Event: 1.097 Thread 0x000001c2bc091c80 nmethod 1069 0x000001c2a10c6990 code [0x000001c2a10c6b20, 0x000001c2a10c6c88]
Event: 1.097 Thread 0x000001c2bc091c80 1064       3       java.lang.Byte::<init> (10 bytes)
Event: 1.097 Thread 0x000001c2bc091c80 nmethod 1064 0x000001c2a10c6d10 code [0x000001c2a10c6ec0, 0x000001c2a10c7088]
Event: 1.102 Thread 0x000001c2bc091c80 1072       3       java.util.jar.JavaUtilJarAccessImpl::getTrustedAttributes (6 bytes)
Event: 1.102 Thread 0x000001c2bc091c80 nmethod 1072 0x000001c2a10c7190 code [0x000001c2a10c7340, 0x000001c2a10c7490]
Event: 1.106 Thread 0x000001c2bc091c80 1073       3       sun.invoke.util.BytecodeDescriptor::unparseMethod (66 bytes)
Event: 1.106 Thread 0x000001c2bc091c80 nmethod 1073 0x000001c2a10c7590 code [0x000001c2a10c77c0, 0x000001c2a10c7da8]
Event: 1.113 Thread 0x000001c2bc091c80 1074       3       java.lang.String::startsWith (123 bytes)
Event: 1.114 Thread 0x000001c2bc091c80 nmethod 1074 0x000001c2a10c8110 code [0x000001c2a10c8340, 0x000001c2a10c8ac0]
Event: 1.117 Thread 0x000001c2bc29a600 1075       4       java.lang.StringBuilder::<init> (7 bytes)
Event: 1.118 Thread 0x000001c2bc29a600 nmethod 1075 0x000001c2a8a25c10 code [0x000001c2a8a25da0, 0x000001c2a8a25f88]
Event: 1.120 Thread 0x000001c2bc091c80 1076   !   3       java.lang.invoke.MethodHandleNatives::linkMethodHandleConstant (50 bytes)
Event: 1.120 Thread 0x000001c2bc091c80 nmethod 1076 0x000001c2a10c8d10 code [0x000001c2a10c8ee0, 0x000001c2a10c90e8]
Event: 1.120 Thread 0x000001c2bc091c80 1077       3       java.lang.invoke.MethodHandles$Lookup::linkMethodHandleConstant (223 bytes)
Event: 1.121 Thread 0x000001c2bc091c80 nmethod 1077 0x000001c2a10c9290 code [0x000001c2a10c9680, 0x000001c2a10caf38]
Event: 1.128 Thread 0x000001c2bc29a600 1078 % !   4       java.util.concurrent.ConcurrentHashMap::transfer @ 96 (849 bytes)
Event: 1.130 Thread 0x000001c2bc091c80 1079       3       java.lang.Module::allows (60 bytes)
Event: 1.130 Thread 0x000001c2bc091c80 nmethod 1079 0x000001c2a10cb710 code [0x000001c2a10cb920, 0x000001c2a10cbf50]

GC Heap History (2 events):
Event: 0.674 GC heap before
{Heap before GC invocations=0 (full 0):
 garbage-first heap   total 251904K, used 24576K [0x000000070a800000, 0x0000000800000000)
  region size 2048K, 11 young (22528K), 0 survivors (0K)
 Metaspace       used 14038K, committed 14208K, reserved 1114112K
  class space    used 1360K, committed 1472K, reserved 1048576K
}
Event: 0.678 GC heap after
{Heap after GC invocations=1 (full 0):
 garbage-first heap   total 251904K, used 7168K [0x000000070a800000, 0x0000000800000000)
  region size 2048K, 2 young (4096K), 2 survivors (4096K)
 Metaspace       used 14038K, committed 14208K, reserved 1114112K
  class space    used 1360K, committed 1472K, reserved 1048576K
}

Dll operation events (2 events):
Event: 0.009 Loaded shared library D:\zengsen\tool\Android Studio\jbr\bin\java.dll
Event: 0.015 Loaded shared library D:\zengsen\tool\Android Studio\jbr\bin\zip.dll

Deoptimization events (20 events):
Event: 0.809 Thread 0x000001c29ddba500 Uncommon trap: trap_request=0xffffffde fr.pc=0x000001c2a8a12e44 relative=0x0000000000000124
Event: 0.809 Thread 0x000001c29ddba500 Uncommon trap: reason=class_check action=maybe_recompile pc=0x000001c2a8a12e44 method=jdk.internal.misc.Unsafe.allocateUninitializedArray(Ljava/lang/Class;I)Ljava/lang/Object; @ 51 c2
Event: 0.809 Thread 0x000001c29ddba500 DEOPT PACKING pc=0x000001c2a8a12e44 sp=0x00000019d84f72f0
Event: 0.809 Thread 0x000001c29ddba500 DEOPT UNPACKING pc=0x000001c2a84846a2 sp=0x00000019d84f7268 mode 2
Event: 0.809 Thread 0x000001c29ddba500 Uncommon trap: trap_request=0xffffffde fr.pc=0x000001c2a8a12e44 relative=0x0000000000000124
Event: 0.809 Thread 0x000001c29ddba500 Uncommon trap: reason=class_check action=maybe_recompile pc=0x000001c2a8a12e44 method=jdk.internal.misc.Unsafe.allocateUninitializedArray(Ljava/lang/Class;I)Ljava/lang/Object; @ 51 c2
Event: 0.809 Thread 0x000001c29ddba500 DEOPT PACKING pc=0x000001c2a8a12e44 sp=0x00000019d84f7390
Event: 0.809 Thread 0x000001c29ddba500 DEOPT UNPACKING pc=0x000001c2a84846a2 sp=0x00000019d84f7308 mode 2
Event: 0.809 Thread 0x000001c29ddba500 Uncommon trap: trap_request=0xffffffde fr.pc=0x000001c2a8a12e44 relative=0x0000000000000124
Event: 0.809 Thread 0x000001c29ddba500 Uncommon trap: reason=class_check action=maybe_recompile pc=0x000001c2a8a12e44 method=jdk.internal.misc.Unsafe.allocateUninitializedArray(Ljava/lang/Class;I)Ljava/lang/Object; @ 51 c2
Event: 0.809 Thread 0x000001c29ddba500 DEOPT PACKING pc=0x000001c2a8a12e44 sp=0x00000019d84f6e70
Event: 0.809 Thread 0x000001c29ddba500 DEOPT UNPACKING pc=0x000001c2a84846a2 sp=0x00000019d84f6de8 mode 2
Event: 0.809 Thread 0x000001c29ddba500 Uncommon trap: trap_request=0xffffffde fr.pc=0x000001c2a8a12e44 relative=0x0000000000000124
Event: 0.809 Thread 0x000001c29ddba500 Uncommon trap: reason=class_check action=maybe_recompile pc=0x000001c2a8a12e44 method=jdk.internal.misc.Unsafe.allocateUninitializedArray(Ljava/lang/Class;I)Ljava/lang/Object; @ 51 c2
Event: 0.809 Thread 0x000001c29ddba500 DEOPT PACKING pc=0x000001c2a8a12e44 sp=0x00000019d84f6f10
Event: 0.809 Thread 0x000001c29ddba500 DEOPT UNPACKING pc=0x000001c2a84846a2 sp=0x00000019d84f6e88 mode 2
Event: 1.107 Thread 0x000001c29ddba500 Uncommon trap: trap_request=0xffffff45 fr.pc=0x000001c2a8a0f1c8 relative=0x0000000000000208
Event: 1.107 Thread 0x000001c29ddba500 Uncommon trap: reason=unstable_if action=reinterpret pc=0x000001c2a8a0f1c8 method=java.lang.String.startsWith(Ljava/lang/String;I)Z @ 1 c2
Event: 1.107 Thread 0x000001c29ddba500 DEOPT PACKING pc=0x000001c2a8a0f1c8 sp=0x00000019d84fddd0
Event: 1.107 Thread 0x000001c29ddba500 DEOPT UNPACKING pc=0x000001c2a84846a2 sp=0x00000019d84fdd78 mode 2

Classes loaded (20 events):
Event: 0.975 Loading class javax/xml/namespace/NamespaceContext
Event: 0.975 Loading class javax/xml/namespace/NamespaceContext done
Event: 0.975 Loading class javax/xml/stream/XMLStreamConstants
Event: 0.975 Loading class javax/xml/stream/XMLStreamConstants done
Event: 0.981 Loading class java/io/CharConversionException
Event: 0.981 Loading class java/io/CharConversionException done
Event: 0.982 Loading class javax/xml/stream/XMLStreamReader
Event: 0.983 Loading class javax/xml/stream/XMLStreamReader done
Event: 1.002 Loading class javax/swing/Icon
Event: 1.002 Loading class javax/swing/Icon done
Event: 1.003 Loading class sun/invoke/util/VerifyAccess$1
Event: 1.003 Loading class sun/invoke/util/VerifyAccess$1 done
Event: 1.032 Loading class java/util/concurrent/atomic/AtomicReferenceArray
Event: 1.032 Loading class java/util/concurrent/atomic/AtomicReferenceArray done
Event: 1.032 Loading class java/lang/invoke/VarHandleReferences$Array
Event: 1.032 Loading class java/lang/invoke/VarHandleReferences$Array done
Event: 1.104 Loading class java/util/ResourceBundle$Control
Event: 1.104 Loading class java/util/ResourceBundle$Control done
Event: 1.104 Loading class sun/util/locale/LanguageTag
Event: 1.104 Loading class sun/util/locale/LanguageTag done

Classes unloaded (0 events):
No events

Classes redefined (0 events):
No events

Internal exceptions (20 events):
Event: 0.764 Thread 0x000001c29ddba500 Exception <a 'java/lang/NoSuchMethodError'{0x0000000719bd78c0}: 'void java.lang.invoke.DirectMethodHandle$Holder.invokeStatic(java.lang.Object, java.lang.Object, java.lang.Object)'> (0x0000000719bd78c0) 
thrown [s\src\hotspot\share\interpreter\linkResolver.cpp, line 784]
Event: 0.767 Thread 0x000001c29ddba500 Exception <a 'java/lang/NoSuchMethodError'{0x0000000719bf6f98}: 'java.lang.Object java.lang.invoke.DirectMethodHandle$Holder.invokeStaticInit(java.lang.Object, int)'> (0x0000000719bf6f98) 
thrown [s\src\hotspot\share\interpreter\linkResolver.cpp, line 784]
Event: 0.769 Thread 0x000001c29ddba500 Exception <a 'java/lang/NoSuchMethodError'{0x00000007198034d8}: 'java.lang.Object java.lang.invoke.DirectMethodHandle$Holder.invokeInterface(java.lang.Object, java.lang.Object)'> (0x00000007198034d8) 
thrown [s\src\hotspot\share\interpreter\linkResolver.cpp, line 784]
Event: 0.780 Thread 0x000001c29ddba500 Exception <a 'java/lang/NoSuchMethodError'{0x00000007198884e8}: 'java.lang.Object java.lang.invoke.DirectMethodHandle$Holder.invokeStaticInit(java.lang.Object, java.lang.Object, java.lang.Object)'> (0x00000007198884e8) 
thrown [s\src\hotspot\share\interpreter\linkResolver.cpp, line 784]
Event: 0.795 Thread 0x000001c29ddba500 Exception <a 'java/lang/NoSuchMethodError'{0x0000000719930c98}: 'long java.lang.invoke.DirectMethodHandle$Holder.invokeStatic(java.lang.Object)'> (0x0000000719930c98) 
thrown [s\src\hotspot\share\interpreter\linkResolver.cpp, line 784]
Event: 0.795 Thread 0x000001c29ddba500 Exception <a 'java/lang/NoSuchMethodError'{0x0000000719934190}: 'long java.lang.invoke.DirectMethodHandle$Holder.invokeStaticInit(java.lang.Object)'> (0x0000000719934190) 
thrown [s\src\hotspot\share\interpreter\linkResolver.cpp, line 784]
Event: 0.837 Thread 0x000001c29ddba500 Exception <a 'java/lang/NoSuchMethodError'{0x00000007196e5418}: 'int java.lang.invoke.DirectMethodHandle$Holder.invokeStaticInit(java.lang.Object, java.lang.Object, java.lang.Object, java.lang.Object)'> (0x00000007196e5418) 
thrown [s\src\hotspot\share\interpreter\linkResolver.cpp, line 784]
Event: 0.862 Thread 0x000001c29ddba500 Exception <a 'java/lang/NoSuchMethodError'{0x00000007194a5878}: 'long java.lang.invoke.Invokers$Holder.invoke_MT(java.lang.Object, java.lang.Object, java.lang.Object, java.lang.Object)'> (0x00000007194a5878) 
thrown [s\src\hotspot\share\interpreter\linkResolver.cpp, line 784]
Event: 0.863 Thread 0x000001c29ddba500 Exception <a 'java/lang/NoSuchMethodError'{0x00000007194ade00}: 'int java.lang.invoke.DirectMethodHandle$Holder.invokeSpecial(java.lang.Object, java.lang.Object, java.lang.Object, java.lang.Object)'> (0x00000007194ade00) 
thrown [s\src\hotspot\share\interpreter\linkResolver.cpp, line 784]
Event: 0.863 Thread 0x000001c29ddba500 Exception <a 'java/lang/NoSuchMethodError'{0x00000007194b1208}: 'int java.lang.invoke.Invokers$Holder.invoke_MT(java.lang.Object, java.lang.Object, java.lang.Object, java.lang.Object)'> (0x00000007194b1208) 
thrown [s\src\hotspot\share\interpreter\linkResolver.cpp, line 784]
Event: 0.865 Thread 0x000001c29ddba500 Exception <a 'java/lang/NoSuchMethodError'{0x00000007194c0070}: 'void java.lang.invoke.DelegatingMethodHandle$Holder.reinvoke_L(java.lang.Object, java.lang.Object, java.lang.Object, long, java.lang.Object)'> (0x00000007194c0070) 
thrown [s\src\hotspot\share\interpreter\linkResolver.cpp, line 784]
Event: 0.866 Thread 0x000001c29ddba500 Exception <a 'java/lang/NoSuchMethodError'{0x00000007194c7968}: 'java.lang.Object java.lang.invoke.DirectMethodHandle$Holder.invokeSpecial(java.lang.Object, java.lang.Object, java.lang.Object, java.lang.Object, long)'> (0x00000007194c7968) 
thrown [s\src\hotspot\share\interpreter\linkResolver.cpp, line 784]
Event: 0.868 Thread 0x000001c29ddba500 Exception <a 'java/lang/NoSuchMethodError'{0x00000007194d65d8}: 'int java.lang.invoke.DelegatingMethodHandle$Holder.reinvoke_L(java.lang.Object, java.lang.Object, java.lang.Object, long, java.lang.Object, java.lang.Object)'> (0x00000007194d65d8) 
thrown [s\src\hotspot\share\interpreter\linkResolver.cpp, line 784]
Event: 0.869 Thread 0x000001c29ddba500 Exception <a 'java/lang/NoSuchMethodError'{0x00000007194e49d0}: 'int java.lang.invoke.DelegatingMethodHandle$Holder.reinvoke_L(java.lang.Object, java.lang.Object, java.lang.Object, long, int, int)'> (0x00000007194e49d0) 
thrown [s\src\hotspot\share\interpreter\linkResolver.cpp, line 784]
Event: 0.870 Thread 0x000001c29ddba500 Exception <a 'java/lang/NoSuchMethodError'{0x00000007194f2b78}: 'int java.lang.invoke.DelegatingMethodHandle$Holder.reinvoke_L(java.lang.Object, java.lang.Object, java.lang.Object, long, long, long)'> (0x00000007194f2b78) 
thrown [s\src\hotspot\share\interpreter\linkResolver.cpp, line 784]
Event: 0.871 Thread 0x000001c29ddba500 Exception <a 'java/lang/NoSuchMethodError'{0x00000007195009a0}: 'int java.lang.invoke.DelegatingMethodHandle$Holder.reinvoke_L(java.lang.Object, java.lang.Object, java.lang.Object, long, int)'> (0x00000007195009a0) 
thrown [s\src\hotspot\share\interpreter\linkResolver.cpp, line 784]
Event: 0.891 Thread 0x000001c29ddba500 Exception <a 'java/lang/NoSuchMethodError'{0x00000007195a1678}: 'int java.lang.invoke.DirectMethodHandle$Holder.invokeStaticInit(java.lang.Object, java.lang.Object, java.lang.Object)'> (0x00000007195a1678) 
thrown [s\src\hotspot\share\interpreter\linkResolver.cpp, line 784]
Event: 0.896 Thread 0x000001c29ddba500 Exception <a 'java/lang/NoSuchMethodError'{0x00000007195c70f0}: 'int java.lang.invoke.DirectMethodHandle$Holder.invokeStaticInit(java.lang.Object, java.lang.Object)'> (0x00000007195c70f0) 
thrown [s\src\hotspot\share\interpreter\linkResolver.cpp, line 784]
Event: 0.998 Thread 0x000001c29ddba500 Exception <a 'java/lang/NoSuchMethodError'{0x000000071919b960}: 'void java.lang.invoke.DirectMethodHandle$Holder.invokeStatic(java.lang.Object, java.lang.Object, java.lang.Object, java.lang.Object)'> (0x000000071919b960) 
thrown [s\src\hotspot\share\interpreter\linkResolver.cpp, line 784]
Event: 1.086 Thread 0x000001c29ddba500 Exception <a 'java/lang/NoSuchMethodError'{0x0000000718d46ec8}: 'void java.lang.invoke.DirectMethodHandle$Holder.invokeStaticInit(java.lang.Object, java.lang.Object)'> (0x0000000718d46ec8) 
thrown [s\src\hotspot\share\interpreter\linkResolver.cpp, line 784]

ZGC Phase Switch (0 events):
No events

VM Operations (6 events):
Event: 0.138 Executing VM operation: HandshakeAllThreads (Deoptimize)
Event: 0.138 Executing VM operation: HandshakeAllThreads (Deoptimize) done
Event: 0.425 Executing VM operation: HandshakeAllThreads (Deoptimize)
Event: 0.426 Executing VM operation: HandshakeAllThreads (Deoptimize) done
Event: 0.674 Executing VM operation: G1CollectForAllocation (G1 Evacuation Pause)
Event: 0.678 Executing VM operation: G1CollectForAllocation (G1 Evacuation Pause) done

Memory protections (0 events):
No events

Nmethod flushes (0 events):
No events

Events (18 events):
Event: 0.015 Thread 0x000001c29ddba500 Thread added: 0x000001c29ddba500
Event: 0.065 Thread 0x000001c29ddba500 Thread added: 0x000001c2bc061720
Event: 0.066 Thread 0x000001c29ddba500 Thread added: 0x000001c2bc061d90
Event: 0.067 Thread 0x000001c29ddba500 Thread added: 0x000001c2bc0c2860
Event: 0.067 Thread 0x000001c29ddba500 Thread added: 0x000001c2bc090f60
Event: 0.067 Thread 0x000001c29ddba500 Thread added: 0x000001c2bc0c6ee0
Event: 0.067 Thread 0x000001c29ddba500 Thread added: 0x000001c2bc0c7550
Event: 0.067 Thread 0x000001c29ddba500 Thread added: 0x000001c2bc0915d0
Event: 0.067 Thread 0x000001c29ddba500 Thread added: 0x000001c2bc091c80
Event: 0.101 Thread 0x000001c29ddba500 Thread added: 0x000001c2bc258960
Event: 0.106 Thread 0x000001c29ddba500 Thread added: 0x000001c2bc258fd0
Event: 0.112 Loaded shared library D:\zengsen\tool\Android Studio\jbr\bin\net.dll
Event: 0.115 Loaded shared library D:\zengsen\tool\Android Studio\jbr\bin\nio.dll
Event: 0.126 Thread 0x000001c2bc0915d0 Thread added: 0x000001c2bc29a600
Event: 0.136 Loaded shared library D:\zengsen\tool\Android Studio\jbr\bin\zip.dll
Event: 0.168 Loaded shared library D:\zengsen\tool\Android Studio\jbr\bin\jimage.dll
Event: 0.270 Thread 0x000001c2bc0915d0 Thread added: 0x000001c2bc4d0290
Event: 0.428 Thread 0x000001c2bc4d0290 Thread exited: 0x000001c2bc4d0290


Dynamic libraries:
0x00007ff7f3830000 - 0x00007ff7f383a000 	D:\zengsen\tool\Android Studio\jbr\bin\java.exe
0x00007ffa988d0000 - 0x00007ffa98ae7000 	C:\Windows\SYSTEM32\ntdll.dll
0x00007ffa97430000 - 0x00007ffa974f4000 	C:\Windows\System32\KERNEL32.DLL
0x00007ffa95c90000 - 0x00007ffa96061000 	C:\Windows\System32\KERNELBASE.dll
0x00007ffa962e0000 - 0x00007ffa963f1000 	C:\Windows\System32\ucrtbase.dll
0x00007ffa74700000 - 0x00007ffa74718000 	D:\zengsen\tool\Android Studio\jbr\bin\jli.dll
0x00007ffa90d50000 - 0x00007ffa90d6b000 	D:\zengsen\tool\Android Studio\jbr\bin\VCRUNTIME140.dll
0x00007ffa98290000 - 0x00007ffa98441000 	C:\Windows\System32\USER32.dll
0x00007ffa96070000 - 0x00007ffa96096000 	C:\Windows\System32\win32u.dll
0x00007ffa98490000 - 0x00007ffa984b9000 	C:\Windows\System32\GDI32.dll
0x00007ffa80ba0000 - 0x00007ffa80e32000 	C:\Windows\WinSxS\amd64_microsoft.windows.common-controls_6595b64144ccf1df_6.0.22621.4830_none_270fe7d773858e80\COMCTL32.dll
0x00007ffa96400000 - 0x00007ffa9651b000 	C:\Windows\System32\gdi32full.dll
0x00007ffa97890000 - 0x00007ffa97937000 	C:\Windows\System32\msvcrt.dll
0x00007ffa960a0000 - 0x00007ffa9613a000 	C:\Windows\System32\msvcp_win.dll
0x00007ffa98450000 - 0x00007ffa98481000 	C:\Windows\System32\IMM32.DLL
0x00007ffa90df0000 - 0x00007ffa90dfc000 	D:\zengsen\tool\Android Studio\jbr\bin\vcruntime140_1.dll
0x00007ffa0fce0000 - 0x00007ffa0fd6d000 	D:\zengsen\tool\Android Studio\jbr\bin\msvcp140.dll
0x00007ffa0ede0000 - 0x00007ffa0fa63000 	D:\zengsen\tool\Android Studio\jbr\bin\server\jvm.dll
0x00007ffa97640000 - 0x00007ffa976f1000 	C:\Windows\System32\ADVAPI32.dll
0x00007ffa965a0000 - 0x00007ffa96647000 	C:\Windows\System32\sechost.dll
0x00007ffa962b0000 - 0x00007ffa962d8000 	C:\Windows\System32\bcrypt.dll
0x00007ffa972f0000 - 0x00007ffa97404000 	C:\Windows\System32\RPCRT4.dll
0x00007ffa97510000 - 0x00007ffa97581000 	C:\Windows\System32\WS2_32.dll
0x00007ffa94c10000 - 0x00007ffa94c5d000 	C:\Windows\SYSTEM32\POWRPROF.dll
0x00007ffa90190000 - 0x00007ffa901c4000 	C:\Windows\SYSTEM32\WINMM.dll
0x00007ffa8cc60000 - 0x00007ffa8cc6a000 	C:\Windows\SYSTEM32\VERSION.dll
0x00007ffa94b00000 - 0x00007ffa94b13000 	C:\Windows\SYSTEM32\UMPDC.dll
0x00007ffa94ae0000 - 0x00007ffa94af8000 	C:\Windows\SYSTEM32\kernel.appcore.dll
0x00007ffa90b70000 - 0x00007ffa90b7a000 	D:\zengsen\tool\Android Studio\jbr\bin\jimage.dll
0x00007ffa92ed0000 - 0x00007ffa93102000 	C:\Windows\SYSTEM32\DBGHELP.DLL
0x00007ffa96e70000 - 0x00007ffa97200000 	C:\Windows\System32\combase.dll
0x00007ffa97210000 - 0x00007ffa972e7000 	C:\Windows\System32\OLEAUT32.dll
0x00007ffa87d40000 - 0x00007ffa87d72000 	C:\Windows\SYSTEM32\dbgcore.DLL
0x00007ffa96520000 - 0x00007ffa9659b000 	C:\Windows\System32\bcryptPrimitives.dll
0x00007ffa90b50000 - 0x00007ffa90b70000 	D:\zengsen\tool\Android Studio\jbr\bin\java.dll
0x00007ffa90b30000 - 0x00007ffa90b48000 	D:\zengsen\tool\Android Studio\jbr\bin\zip.dll
0x00007ffa97a00000 - 0x00007ffa98288000 	C:\Windows\System32\SHELL32.dll
0x00007ffa95b50000 - 0x00007ffa95c8f000 	C:\Windows\System32\wintypes.dll
0x00007ffa93930000 - 0x00007ffa9423d000 	C:\Windows\SYSTEM32\windows.storage.dll
0x00007ffa96650000 - 0x00007ffa9675a000 	C:\Windows\System32\SHCORE.dll
0x00007ffa967d0000 - 0x00007ffa9682e000 	C:\Windows\System32\shlwapi.dll
0x00007ffa95940000 - 0x00007ffa9596b000 	C:\Windows\SYSTEM32\profapi.dll
0x00007ffa90b20000 - 0x00007ffa90b30000 	D:\zengsen\tool\Android Studio\jbr\bin\net.dll
0x00007ffa92120000 - 0x00007ffa9224c000 	C:\Windows\SYSTEM32\WINHTTP.dll
0x00007ffa94fc0000 - 0x00007ffa9502a000 	C:\Windows\system32\mswsock.dll
0x00007ffa8e8b0000 - 0x00007ffa8e8c6000 	D:\zengsen\tool\Android Studio\jbr\bin\nio.dll

dbghelp: loaded successfully - version: 4.0.5 - missing functions: none
symbol engine: initialized successfully - sym options: 0x614 - pdb path: .;D:\zengsen\tool\Android Studio\jbr\bin;C:\Windows\SYSTEM32;C:\Windows\WinSxS\amd64_microsoft.windows.common-controls_6595b64144ccf1df_6.0.22621.4830_none_270fe7d773858e80;D:\zengsen\tool\Android Studio\jbr\bin\server

VM Arguments:
java_command: org.jetbrains.kotlin.cli.jvm.K2JVMCompiler @D:\zengsen\explore\AndroidProject\ClockScreenSaver\app\build\20250408_253775652605375346.compiler.options
java_class_path (initial): C:\Users\sanmusen\.gradle\caches\modules-2\files-2.1\org.jetbrains.kotlin\kotlin-compiler-embeddable\2.0.0\1de310de3446414381282ffc46c3ed3919a4d1da\kotlin-compiler-embeddable-2.0.0.jar;C:\Users\sanmusen\.gradle\caches\modules-2\files-2.1\org.jetbrains.kotlin\kotlin-stdlib\2.0.0\b48df2c4aede9586cc931ead433bc02d6fd7879e\kotlin-stdlib-2.0.0.jar;C:\Users\sanmusen\.gradle\caches\modules-2\files-2.1\org.jetbrains.kotlin\kotlin-script-runtime\2.0.0\fdc27dd047d592fa41d2dfa21e7621287a361612\kotlin-script-runtime-2.0.0.jar;C:\Users\sanmusen\.gradle\caches\modules-2\files-2.1\org.jetbrains.kotlin\kotlin-reflect\1.6.10\1cbe9c92c12a94eea200d23c2bbaedaf3daf5132\kotlin-reflect-1.6.10.jar;C:\Users\sanmusen\.gradle\caches\modules-2\files-2.1\org.jetbrains.kotlin\kotlin-daemon-embeddable\2.0.0\b39c612768614c4428c96ee9c65477181fffe9d\kotlin-daemon-embeddable-2.0.0.jar;C:\Users\sanmusen\.gradle\caches\modules-2\files-2.1\org.jetbrains.intellij.deps\trove4j\1.0.20200330\3afb14d5f9ceb459d724e907a21145e8ff394f02\trove4j-1.0.20200330.jar;C:\Users\sanmusen\.gradle\caches\modules-2\files-2.1\org.jetbrains\annotations\13.0\919f0dfe192fb4e063e7dacadee7f8bb9a2672a9\annotations-13.0.jar
Launcher Type: SUN_STANDARD

[Global flags]
     intx CICompilerCount                          = 4                                         {product} {ergonomic}
     uint ConcGCThreads                            = 3                                         {product} {ergonomic}
     uint G1ConcRefinementThreads                  = 10                                        {product} {ergonomic}
   size_t G1HeapRegionSize                         = 2097152                                   {product} {ergonomic}
    uintx GCDrainStackTargetSize                   = 64                                        {product} {ergonomic}
   size_t InitialHeapSize                          = 257949696                                 {product} {ergonomic}
   size_t MarkStackSize                            = 4194304                                   {product} {ergonomic}
   size_t MaxHeapSize                              = 4118806528                                {product} {ergonomic}
   size_t MaxNewSize                               = 2470445056                                {product} {ergonomic}
   size_t MinHeapDeltaBytes                        = 2097152                                   {product} {ergonomic}
   size_t MinHeapSize                              = 8388608                                   {product} {ergonomic}
    uintx NonNMethodCodeHeapSize                   = 5839372                                {pd product} {ergonomic}
    uintx NonProfiledCodeHeapSize                  = 122909434                              {pd product} {ergonomic}
    uintx ProfiledCodeHeapSize                     = 122909434                              {pd product} {ergonomic}
    uintx ReservedCodeCacheSize                    = 251658240                              {pd product} {ergonomic}
     bool SegmentedCodeCache                       = true                                      {product} {ergonomic}
   size_t SoftMaxHeapSize                          = 4118806528                             {manageable} {ergonomic}
     bool UseCompressedOops                        = true                           {product lp64_product} {ergonomic}
     bool UseG1GC                                  = true                                      {product} {ergonomic}
     bool UseLargePagesIndividualAllocation        = false                                  {pd product} {ergonomic}

Logging:
Log output configuration:
 #0: stdout all=warning uptime,level,tags foldmultilines=false
 #1: stderr all=off uptime,level,tags foldmultilines=false

Environment Variables:
PATH=D:\zengsen\env\jdk-11.0.21\bin;C:\Program Files\Common Files\Oracle\Java\javapath;C:\Windows\system32;C:\Windows;C:\Windows\System32\Wbem;C:\Windows\System32\WindowsPowerShell\v1.0\;C:\Windows\System32\OpenSSH\;D:\zengsen\tool\Bandizip\;D:\zengsen\env\nvm;D:\zengsen\env\node;D:\zengsen\env\Git\cmd;C:\Program Files\Amazon\AWSCLI\bin\;C:\ProgramData\chocolatey\bin;D:\zengsen\tool\bin;C:\Program Files\OpenSSL-Win64\bin;D:\zengsen\env\jdk-11.0.21\bin;C:\Users\sanmusen\AppData\Local\Programs\Python\Python313\Scripts\;C:\Users\sanmusen\AppData\Local\Programs\Python\Python313\;C:\Users\sanmusen\AppData\Local\Microsoft\WindowsApps;D:\zengsen\tool\Microsoft VS Code\bin;D:\zengsen\env\nvm;D:\zengsen\env\node;D:\zengsen\tool\androidStudioSDK\platform-tools;D:\zengsen\tool\androidStudioSDK\tools;D:\zengsen\tool\androidStudioSDK\tools\bin;C:\Program Files\OpenSSL-Win64\bin;C:\Program Files\watchman-v2023.05.01.00-windows\watchman-v2023.05.01.00-windows\bin;D:\zengsen\tool\cursor\resources\app\bin
USERNAME=sanmusen
OS=Windows_NT
PROCESSOR_IDENTIFIER=AMD64 Family 23 Model 104 Stepping 1, AuthenticAMD
TMP=C:\Users\sanmusen\AppData\Local\Temp
TEMP=C:\Users\sanmusen\AppData\Local\Temp




Periodic native trim disabled

JNI global refs:
JNI global refs: 9, weak refs: 0

JNI global refs memory usage: 835, weak refs: 833

Process memory usage:
Resident Set Size: 93808K (0% of 16083516K total physical memory with 680860K free physical memory)

OOME stack traces (most recent first):
Classloader memory used:
Loader jdk.internal.loader.ClassLoaders$AppClassLoader                                 : 11514K
Loader bootstrap                                                                       : 9510K
Loader java.net.URLClassLoader                                                         : 40464B

---------------  S Y S T E M  ---------------

OS:
 Windows 11 , 64 bit Build 22621 (10.0.22621.4974)
OS uptime: 1 days 8:28 hours
Hyper-V role detected

CPU: total 12 (initial active 12) (12 cores per cpu, 2 threads per core) family 23 model 104 stepping 1 microcode 0x0, cx8, cmov, fxsr, ht, mmx, 3dnowpref, sse, sse2, sse3, ssse3, sse4a, sse4.1, sse4.2, popcnt, lzcnt, tsc, tscinvbit, avx, avx2, aes, clmul, bmi1, bmi2, adx, sha, fma, vzeroupper, clflush, clflushopt, hv, rdtscp, rdpid, f16c
Processor Information for all 12 processors :
  Max Mhz: 2100, Current Mhz: 2100, Mhz Limit: 2100

Memory: 4k page, system-wide physical 15706M (664M free)
TotalPageFile size 31066M (AvailPageFile size 12M)
current process WorkingSet (physical memory assigned to process): 91M, peak: 91M
current process commit charge ("private bytes"): 354M, peak: 355M

vm_info: OpenJDK 64-Bit Server VM (21.0.4+-12508038-b607.1) for windows-amd64 JRE (21.0.4+-12508038-b607.1), built on 2024-10-16T17:23:34Z by "builder" with MS VC++ 16.10 / 16.11 (VS2019)

END.
