#
# There is insufficient memory for the Java Runtime Environment to continue.
# Native memory allocation (mmap) failed to map 257949696 bytes. Error detail: G1 virtual space
# Possible reasons:
#   The system is out of physical RAM or swap space
#   This process is running with CompressedOops enabled, and the Java Heap may be blocking the growth of the native heap
# Possible solutions:
#   Reduce memory load on the system
#   Increase physical memory or swap space
#   Check if swap backing store is full
#   Decrease Java heap size (-Xmx/-Xms)
#   Decrease number of Java threads
#   Decrease Java thread stack sizes (-Xss)
#   Set larger code cache with -XX:ReservedCodeCacheSize=
#   JVM is running with Zero Based Compressed Oops mode in which the Java heap is
#     placed in the first 32GB address space. The Java Heap base address is the
#     maximum limit for the native heap growth. Please use -XX:HeapBaseMinAddress
#     to set the Java Heap base and to place the Java Heap above 32GB virtual address.
# This output file may be truncated or incomplete.
#
#  Out of Memory Error (os_windows.cpp:3828), pid=5824, tid=14692
#
# JRE version:  (21.0.4) (build )
# Java VM: OpenJDK 64-Bit Server VM (21.0.4+-12508038-b607.1, mixed mode, sharing, tiered, compressed oops, compressed class ptrs, g1 gc, windows-amd64)
# No core dump will be written. Minidumps are not enabled by default on client versions of Windows
#

---------------  S U M M A R Y ------------

Command Line: org.jetbrains.kotlin.cli.jvm.K2JVMCompiler @D:\zengsen\explore\AndroidProject\ClockScreenSaver\app\build\20250408_2070345528851579555.compiler.options

Host: AMD Ryzen 5 5500U with Radeon Graphics         , 12 cores, 15G,  Windows 11 , 64 bit Build 22621 (10.0.22621.4974)
Time: Tue Apr  8 17:58:21 2025  Windows 11 , 64 bit Build 22621 (10.0.22621.4974) elapsed time: 0.014762 seconds (0d 0h 0m 0s)

---------------  T H R E A D  ---------------

Current thread (0x0000027950344fd0):  JavaThread "Unknown thread" [_thread_in_vm, id=14692, stack(0x000000bab0100000,0x000000bab0200000) (1024K)]

Stack: [0x000000bab0100000,0x000000bab0200000]
Native frames: (J=compiled Java code, j=interpreted, Vv=VM code, C=native code)
V  [jvm.dll+0x6ce539]
V  [jvm.dll+0x85bf03]
V  [jvm.dll+0x85e45e]
V  [jvm.dll+0x85eb43]
V  [jvm.dll+0x27dd06]
V  [jvm.dll+0x6cada5]
V  [jvm.dll+0x6bf27a]
V  [jvm.dll+0x3541fb]
V  [jvm.dll+0x35be36]
V  [jvm.dll+0x3adbc6]
V  [jvm.dll+0x3ade98]
V  [jvm.dll+0x32691c]
V  [jvm.dll+0x32760b]
V  [jvm.dll+0x823959]
V  [jvm.dll+0x3bacf8]
V  [jvm.dll+0x80cd58]
V  [jvm.dll+0x44ef2e]
V  [jvm.dll+0x450691]
C  [jli.dll+0x52ab]
C  [ucrtbase.dll+0x29333]
C  [KERNEL32.DLL+0x1259d]
C  [ntdll.dll+0x5af38]


---------------  P R O C E S S  ---------------

Threads class SMR info:
_java_thread_list=0x00007ffa0f91a808, length=0, elements={
}

Java Threads: ( => current thread )
Total: 0

Other Threads:
  0x00000279505603e0 WorkerThread "GC Thread#0"                     [id=7156, stack(0x000000bab0200000,0x000000bab0300000) (1024K)]
  0x0000027950571550 ConcurrentGCThread "G1 Main Marker"            [id=23936, stack(0x000000bab0300000,0x000000bab0400000) (1024K)]
  0x00000279505721c0 WorkerThread "G1 Conc#0"                       [id=26012, stack(0x000000bab0400000,0x000000bab0500000) (1024K)]

[error occurred during error reporting (printing all threads), id 0xc0000005, EXCEPTION_ACCESS_VIOLATION (0xc0000005) at pc=0x00007ffa0f119957]
VM state: not at safepoint (not fully initialized)

VM Mutex/Monitor currently owned by a thread:  ([mutex/lock_event])
[0x00007ffa0f9873f8] Heap_lock - owner thread: 0x0000027950344fd0

Heap address: 0x000000070a800000, size: 3928 MB, Compressed Oops mode: Zero based, Oop shift amount: 3

CDS archive(s) mapped at: [0x0000000000000000-0x0000000000000000-0x0000000000000000), size 0, SharedBaseAddress: 0x0000000800000000, ArchiveRelocationMode: 1.
Narrow klass base: 0x0000000000000000, Narrow klass shift: 0, Narrow klass range: 0x0

GC Precious Log:
 CardTable entry size: 512
 Card Set container configuration: InlinePtr #cards 4 size 8 Array Of Cards #cards 16 size 48 Howl #buckets 8 coarsen threshold 3686 Howl Bitmap #cards 512 size 80 coarsen threshold 460 Card regions per heap region 1 cards per card region 4096

Heap:
 garbage-first heap   total 0K, used 0K [0x000000070a800000, 0x0000000800000000)
  region size 2048K, 0 young (0K), 0 survivors (0K)
 Metaspace       used 0K, committed 0K, reserved 0K
  class space    used 0K, committed 0K, reserved 0K

Heap Regions: E=young(eden), S=young(survivor), O=old, HS=humongous(starts), HC=humongous(continues), CS=collection set, F=free, TAMS=top-at-mark-start, PB=parsable bottom

Card table byte_map: [0x0000027965250000,0x0000027965a00000] _byte_map_base: 0x00000279619fc000

Marking Bits: (CMBitMap*) 0x0000027950560ae0
 Bits: [0x0000027965a00000, 0x0000027969760000)

GC Heap History (0 events):
No events

Dll operation events (1 events):
Event: 0.009 Loaded shared library D:\zengsen\tool\Android Studio\jbr\bin\java.dll

Deoptimization events (0 events):
No events

Classes loaded (0 events):
No events

Classes unloaded (0 events):
No events

Classes redefined (0 events):
No events

Internal exceptions (0 events):
No events

ZGC Phase Switch (0 events):
No events

VM Operations (0 events):
No events

Memory protections (0 events):
No events

Nmethod flushes (0 events):
No events

Events (0 events):
No events


Dynamic libraries:
0x00007ff7f3830000 - 0x00007ff7f383a000 	D:\zengsen\tool\Android Studio\jbr\bin\java.exe
0x00007ffa988d0000 - 0x00007ffa98ae7000 	C:\Windows\SYSTEM32\ntdll.dll
0x00007ffa97430000 - 0x00007ffa974f4000 	C:\Windows\System32\KERNEL32.DLL
0x00007ffa95c90000 - 0x00007ffa96061000 	C:\Windows\System32\KERNELBASE.dll
0x00007ffa962e0000 - 0x00007ffa963f1000 	C:\Windows\System32\ucrtbase.dll
0x00007ffa90d50000 - 0x00007ffa90d6b000 	D:\zengsen\tool\Android Studio\jbr\bin\VCRUNTIME140.dll
0x00007ffa74700000 - 0x00007ffa74718000 	D:\zengsen\tool\Android Studio\jbr\bin\jli.dll
0x00007ffa98290000 - 0x00007ffa98441000 	C:\Windows\System32\USER32.dll
0x00007ffa96070000 - 0x00007ffa96096000 	C:\Windows\System32\win32u.dll
0x00007ffa98490000 - 0x00007ffa984b9000 	C:\Windows\System32\GDI32.dll
0x00007ffa80ba0000 - 0x00007ffa80e32000 	C:\Windows\WinSxS\amd64_microsoft.windows.common-controls_6595b64144ccf1df_6.0.22621.4830_none_270fe7d773858e80\COMCTL32.dll
0x00007ffa96400000 - 0x00007ffa9651b000 	C:\Windows\System32\gdi32full.dll
0x00007ffa960a0000 - 0x00007ffa9613a000 	C:\Windows\System32\msvcp_win.dll
0x00007ffa97890000 - 0x00007ffa97937000 	C:\Windows\System32\msvcrt.dll
0x00007ffa98450000 - 0x00007ffa98481000 	C:\Windows\System32\IMM32.DLL
0x00007ffa90df0000 - 0x00007ffa90dfc000 	D:\zengsen\tool\Android Studio\jbr\bin\vcruntime140_1.dll
0x00007ffa0fce0000 - 0x00007ffa0fd6d000 	D:\zengsen\tool\Android Studio\jbr\bin\msvcp140.dll
0x00007ffa0ede0000 - 0x00007ffa0fa63000 	D:\zengsen\tool\Android Studio\jbr\bin\server\jvm.dll
0x00007ffa97640000 - 0x00007ffa976f1000 	C:\Windows\System32\ADVAPI32.dll
0x00007ffa965a0000 - 0x00007ffa96647000 	C:\Windows\System32\sechost.dll
0x00007ffa962b0000 - 0x00007ffa962d8000 	C:\Windows\System32\bcrypt.dll
0x00007ffa972f0000 - 0x00007ffa97404000 	C:\Windows\System32\RPCRT4.dll
0x00007ffa97510000 - 0x00007ffa97581000 	C:\Windows\System32\WS2_32.dll
0x00007ffa8cc60000 - 0x00007ffa8cc6a000 	C:\Windows\SYSTEM32\VERSION.dll
0x00007ffa94c10000 - 0x00007ffa94c5d000 	C:\Windows\SYSTEM32\POWRPROF.dll
0x00007ffa90190000 - 0x00007ffa901c4000 	C:\Windows\SYSTEM32\WINMM.dll
0x00007ffa94b00000 - 0x00007ffa94b13000 	C:\Windows\SYSTEM32\UMPDC.dll
0x00007ffa94ae0000 - 0x00007ffa94af8000 	C:\Windows\SYSTEM32\kernel.appcore.dll
0x00007ffa90b70000 - 0x00007ffa90b7a000 	D:\zengsen\tool\Android Studio\jbr\bin\jimage.dll
0x00007ffa92ed0000 - 0x00007ffa93102000 	C:\Windows\SYSTEM32\DBGHELP.DLL
0x00007ffa96e70000 - 0x00007ffa97200000 	C:\Windows\System32\combase.dll
0x00007ffa97210000 - 0x00007ffa972e7000 	C:\Windows\System32\OLEAUT32.dll
0x00007ffa87d40000 - 0x00007ffa87d72000 	C:\Windows\SYSTEM32\dbgcore.DLL
0x00007ffa96520000 - 0x00007ffa9659b000 	C:\Windows\System32\bcryptPrimitives.dll
0x00007ffa90b50000 - 0x00007ffa90b70000 	D:\zengsen\tool\Android Studio\jbr\bin\java.dll

dbghelp: loaded successfully - version: 4.0.5 - missing functions: none
symbol engine: initialized successfully - sym options: 0x614 - pdb path: .;D:\zengsen\tool\Android Studio\jbr\bin;C:\Windows\SYSTEM32;C:\Windows\WinSxS\amd64_microsoft.windows.common-controls_6595b64144ccf1df_6.0.22621.4830_none_270fe7d773858e80;D:\zengsen\tool\Android Studio\jbr\bin\server

VM Arguments:
java_command: org.jetbrains.kotlin.cli.jvm.K2JVMCompiler @D:\zengsen\explore\AndroidProject\ClockScreenSaver\app\build\20250408_2070345528851579555.compiler.options
java_class_path (initial): C:\Users\sanmusen\.gradle\caches\modules-2\files-2.1\org.jetbrains.kotlin\kotlin-compiler-embeddable\2.0.0\1de310de3446414381282ffc46c3ed3919a4d1da\kotlin-compiler-embeddable-2.0.0.jar;C:\Users\sanmusen\.gradle\caches\modules-2\files-2.1\org.jetbrains.kotlin\kotlin-stdlib\2.0.0\b48df2c4aede9586cc931ead433bc02d6fd7879e\kotlin-stdlib-2.0.0.jar;C:\Users\sanmusen\.gradle\caches\modules-2\files-2.1\org.jetbrains.kotlin\kotlin-script-runtime\2.0.0\fdc27dd047d592fa41d2dfa21e7621287a361612\kotlin-script-runtime-2.0.0.jar;C:\Users\sanmusen\.gradle\caches\modules-2\files-2.1\org.jetbrains.kotlin\kotlin-reflect\1.6.10\1cbe9c92c12a94eea200d23c2bbaedaf3daf5132\kotlin-reflect-1.6.10.jar;C:\Users\sanmusen\.gradle\caches\modules-2\files-2.1\org.jetbrains.kotlin\kotlin-daemon-embeddable\2.0.0\b39c612768614c4428c96ee9c65477181fffe9d\kotlin-daemon-embeddable-2.0.0.jar;C:\Users\sanmusen\.gradle\caches\modules-2\files-2.1\org.jetbrains.intellij.deps\trove4j\1.0.20200330\3afb14d5f9ceb459d724e907a21145e8ff394f02\trove4j-1.0.20200330.jar;C:\Users\sanmusen\.gradle\caches\modules-2\files-2.1\org.jetbrains\annotations\13.0\919f0dfe192fb4e063e7dacadee7f8bb9a2672a9\annotations-13.0.jar
Launcher Type: SUN_STANDARD

[Global flags]
     intx CICompilerCount                          = 4                                         {product} {ergonomic}
     uint ConcGCThreads                            = 3                                         {product} {ergonomic}
     uint G1ConcRefinementThreads                  = 10                                        {product} {ergonomic}
   size_t G1HeapRegionSize                         = 2097152                                   {product} {ergonomic}
    uintx GCDrainStackTargetSize                   = 64                                        {product} {ergonomic}
   size_t InitialHeapSize                          = 257949696                                 {product} {ergonomic}
   size_t MarkStackSize                            = 4194304                                   {product} {ergonomic}
   size_t MaxHeapSize                              = 4118806528                                {product} {ergonomic}
   size_t MinHeapDeltaBytes                        = 2097152                                   {product} {ergonomic}
   size_t MinHeapSize                              = 8388608                                   {product} {ergonomic}
    uintx NonNMethodCodeHeapSize                   = 5839372                                {pd product} {ergonomic}
    uintx NonProfiledCodeHeapSize                  = 122909434                              {pd product} {ergonomic}
    uintx ProfiledCodeHeapSize                     = 122909434                              {pd product} {ergonomic}
    uintx ReservedCodeCacheSize                    = 251658240                              {pd product} {ergonomic}
     bool SegmentedCodeCache                       = true                                      {product} {ergonomic}
   size_t SoftMaxHeapSize                          = 4118806528                             {manageable} {ergonomic}
     bool UseCompressedOops                        = true                           {product lp64_product} {ergonomic}
     bool UseG1GC                                  = true                                      {product} {ergonomic}
     bool UseLargePagesIndividualAllocation        = false                                  {pd product} {ergonomic}

Logging:
Log output configuration:
 #0: stdout all=warning uptime,level,tags foldmultilines=false
 #1: stderr all=off uptime,level,tags foldmultilines=false

Environment Variables:
PATH=D:\zengsen\env\jdk-11.0.21\bin;C:\Program Files\Common Files\Oracle\Java\javapath;C:\Windows\system32;C:\Windows;C:\Windows\System32\Wbem;C:\Windows\System32\WindowsPowerShell\v1.0\;C:\Windows\System32\OpenSSH\;D:\zengsen\tool\Bandizip\;D:\zengsen\env\nvm;D:\zengsen\env\node;D:\zengsen\env\Git\cmd;C:\Program Files\Amazon\AWSCLI\bin\;C:\ProgramData\chocolatey\bin;D:\zengsen\tool\bin;C:\Program Files\OpenSSL-Win64\bin;D:\zengsen\env\jdk-11.0.21\bin;C:\Users\sanmusen\AppData\Local\Programs\Python\Python313\Scripts\;C:\Users\sanmusen\AppData\Local\Programs\Python\Python313\;C:\Users\sanmusen\AppData\Local\Microsoft\WindowsApps;D:\zengsen\tool\Microsoft VS Code\bin;D:\zengsen\env\nvm;D:\zengsen\env\node;D:\zengsen\tool\androidStudioSDK\platform-tools;D:\zengsen\tool\androidStudioSDK\tools;D:\zengsen\tool\androidStudioSDK\tools\bin;C:\Program Files\OpenSSL-Win64\bin;C:\Program Files\watchman-v2023.05.01.00-windows\watchman-v2023.05.01.00-windows\bin;D:\zengsen\tool\cursor\resources\app\bin
USERNAME=sanmusen
OS=Windows_NT
PROCESSOR_IDENTIFIER=AMD64 Family 23 Model 104 Stepping 1, AuthenticAMD
TMP=C:\Users\sanmusen\AppData\Local\Temp
TEMP=C:\Users\sanmusen\AppData\Local\Temp




Periodic native trim disabled

JNI global refs:
JNI global refs: 0, weak refs: 0

JNI global refs memory usage: 0, weak refs: 0

Process memory usage:
Resident Set Size: 11948K (0% of 16083516K total physical memory with 623176K free physical memory)

OOME stack traces (most recent first):
Classloader memory used:

---------------  S Y S T E M  ---------------

OS:
 Windows 11 , 64 bit Build 22621 (10.0.22621.4974)
OS uptime: 1 days 8:27 hours
Hyper-V role detected

CPU: total 12 (initial active 12) (12 cores per cpu, 2 threads per core) family 23 model 104 stepping 1 microcode 0x0, cx8, cmov, fxsr, ht, mmx, 3dnowpref, sse, sse2, sse3, ssse3, sse4a, sse4.1, sse4.2, popcnt, lzcnt, tsc, tscinvbit, avx, avx2, aes, clmul, bmi1, bmi2, adx, sha, fma, vzeroupper, clflush, clflushopt, hv, rdtscp, rdpid, f16c
Processor Information for all 12 processors :
  Max Mhz: 2100, Current Mhz: 2100, Mhz Limit: 2100

Memory: 4k page, system-wide physical 15706M (608M free)
TotalPageFile size 31066M (AvailPageFile size 247M)
current process WorkingSet (physical memory assigned to process): 11M, peak: 11M
current process commit charge ("private bytes"): 64M, peak: 310M

vm_info: OpenJDK 64-Bit Server VM (21.0.4+-12508038-b607.1) for windows-amd64 JRE (21.0.4+-12508038-b607.1), built on 2024-10-16T17:23:34Z by "builder" with MS VC++ 16.10 / 16.11 (VS2019)

END.
